<?xml version="1.0" encoding="UTF-8"?>
<testng-results ignored="0" total="1" passed="1" failed="0" skipped="0">
  <reporter-output>
  </reporter-output>
  <suite started-at="2022-08-24T21:01:33 IST" name="Default suite" finished-at="2022-08-24T21:01:45 IST" duration-ms="11118">
    <groups>
    </groups>
    <test started-at="2022-08-24T21:01:33 IST" name="Default test" finished-at="2022-08-24T21:01:45 IST" duration-ms="11118">
      <class name="test.PushpaWIKItest">
        <test-method is-config="true" signature="openChromeBrowserWIKI()[pri:0, instance:test.PushpaWIKItest@54bff557]" started-at="2022-08-24T21:01:34 IST" name="openChromeBrowserWIKI" finished-at="2022-08-24T21:01:42 IST" duration-ms="8124" status="PASS">
          <reporter-output>
          </reporter-output>
        </test-method> <!-- openChromeBrowserWIKI -->
        <test-method signature="getTextDateCountryWIKI()[pri:0, instance:test.PushpaWIKItest@54bff557]" started-at="2022-08-24T21:01:42 IST" name="getTextDateCountryWIKI" finished-at="2022-08-24T21:01:45 IST" duration-ms="2862" status="PASS">
          <reporter-output>
          </reporter-output>
        </test-method> <!-- getTextDateCountryWIKI -->
      </class> <!-- test.PushpaWIKItest -->
    </test> <!-- Default test -->
  </suite> <!-- Default suite -->
</testng-results>
